-------------------------------------------------------------------------------
Test set: Parallel90IT
-------------------------------------------------------------------------------
Tests run: 1, Failures: 0, Errors: 1, Skipped: 0, Time elapsed: 0.031 s <<< FAILURE! - in Parallel90IT
initializationError(Parallel90IT)  Time elapsed: 0 s  <<< ERROR!
java.lang.IllegalArgumentException: Not a file or directory: C:\Users\Dell_J\Documents\reviewSource\mistake\ReviewSessionsCode\src\test\resources\features\EtsySearch5 - Copy (15).feature

