-------------------------------------------------------------------------------
Test set: Parallel09IT
-------------------------------------------------------------------------------
Tests run: 1, Failures: 0, Errors: 1, Skipped: 0, Time elapsed: 20.017 s <<< FAILURE! - in Parallel09IT
Etsy search on FireFox(Etsy product search)  Time elapsed: 19.876 s  <<< ERROR!
cucumber.runtime.CucumberException: 
Step [User searches for bamboo spoon in firefox] is defined with 1 parameters at 'stepdefs.EtsyStepsFirefox.user_searches_for(String) in file:/C:/Users/Dell_J/Documents/reviewSource/mistake/ReviewSessionsCode/target/test-classes/'.
However, the gherkin step has 0 arguments.
Step text: User searches for bamboo spoon in firefox

