-------------------------------------------------------------------------------
Test set: Parallel40IT
-------------------------------------------------------------------------------
Tests run: 1, Failures: 0, Errors: 1, Skipped: 0, Time elapsed: 0 s <<< FAILURE! - in Parallel40IT
initializationError(Parallel40IT)  Time elapsed: 0 s  <<< ERROR!
java.lang.IllegalArgumentException: Not a file or directory: C:\Users\Dell_J\Documents\reviewSource\mistake\ReviewSessionsCode\src\test\resources\features\EtsySearch2 - Copy (9).feature

