-------------------------------------------------------------------------------
Test set: Parallel49IT
-------------------------------------------------------------------------------
Tests run: 1, Failures: 0, Errors: 1, Skipped: 0, Time elapsed: 0.016 s <<< FAILURE! - in Parallel49IT
initializationError(Parallel49IT)  Time elapsed: 0 s  <<< ERROR!
java.lang.IllegalArgumentException: Not a file or directory: C:\Users\Dell_J\Documents\reviewSource\mistake\ReviewSessionsCode\src\test\resources\features\EtsySearch3 - Copy (16).feature

