-------------------------------------------------------------------------------
Test set: Parallel72IT
-------------------------------------------------------------------------------
Tests run: 1, Failures: 0, Errors: 1, Skipped: 0, Time elapsed: 0.016 s <<< FAILURE! - in Parallel72IT
initializationError(Parallel72IT)  Time elapsed: 0 s  <<< ERROR!
java.lang.IllegalArgumentException: Not a file or directory: C:\Users\Dell_J\Documents\reviewSource\mistake\ReviewSessionsCode\src\test\resources\features\EtsySearch4 - Copy (18).feature

