-------------------------------------------------------------------------------
Test set: Parallel11IT
-------------------------------------------------------------------------------
Tests run: 1, Failures: 0, Errors: 1, Skipped: 0, Time elapsed: 0.078 s <<< FAILURE! - in Parallel11IT
initializationError(Parallel11IT)  Time elapsed: 0 s  <<< ERROR!
java.lang.IllegalArgumentException: Not a file or directory: C:\Users\Dell_J\Documents\reviewSource\mistake\ReviewSessionsCode\src\test\resources\features\EtsySearchin FireFox2 - Copy.feature

