<?xml version="1.0" encoding="UTF-8"?>
<testsuite xmlns:xsi="http://www.w3.org/2001/XMLSchema-instance" xsi:noNamespaceSchemaLocation="https://maven.apache.org/surefire/maven-failsafe-plugin/xsd/failsafe-test-report.xsd" name="Parallel64IT" time="0.015" tests="2" errors="2" skipped="0" failures="0">
  <properties>
[...]
</properties>
  <testcase name="Etsy search on FireFox" classname="Etsy product search" time="98.921">
    <error message="connection refused&#10;Build info: version: &apos;3.8.1&apos;, revision: &apos;6e95a6684b&apos;, time: &apos;2017-12-01T18:33:54.468Z&apos;&#10;System info: host: &apos;WIN-9EIMIS0E4A0&apos;, ip: &apos;172.31.17.181&apos;, os.name: &apos;Windows Server 2012 R2&apos;, os.arch: &apos;amd64&apos;, os.version: &apos;6.3&apos;, java.version: &apos;1.8.0_172&apos;&#10;Driver info: driver.version: unknown&#10;remote stacktrace: &#10;Command duration or timeout: 98.89 seconds" type="org.openqa.selenium.WebDriverException">org.openqa.selenium.WebDriverException: 
connection refused
Build info: version: '3.8.1', revision: '6e95a6684b', time: '2017-12-01T18:33:54.468Z'
System info: host: 'WIN-9EIMIS0E4A0', ip: '172.31.17.181', os.name: 'Windows Server 2012 R2', os.arch: 'amd64', os.version: '6.3', java.version: '1.8.0_172'
Driver info: driver.version: unknown
remote stacktrace: 
Command duration or timeout: 98.89 seconds
Caused by: org.openqa.selenium.WebDriverException: 
connection refused
Build info: version: '3.8.1', revision: '6e95a6684b', time: '2017-12-01T18:33:54.468Z'
System info: host: 'WIN-9EIMIS0E4A0', ip: '172.31.17.181', os.name: 'Windows Server 2012 R2', os.arch: 'amd64', os.version: '6.3', java.version: '1.8.0_172'
Driver info: driver.version: unknown
remote stacktrace: 
Build info: version: '3.12.0', revision: '7c6e0b3', time: '2018-05-08T14:04:26.12Z'
System info: host: 'DESKTOP-DKHP1QL', ip: '192.168.56.2', os.name: 'Windows 10', os.arch: 'amd64', os.version: '10.0', java.version: '1.8.0_172'
Driver info: driver.version: unknown
</error>
    <system-err><![CDATA[Jun 17, 2018 3:51:20 PM org.openqa.selenium.remote.DesiredCapabilities firefox
INFO: Using `new FirefoxOptions()` is preferred to `DesiredCapabilities.firefox()`
]]></system-err>
  </testcase>
  <testcase name="initializationError" classname="Parallel64IT" time="0">
    <error message="Not a file or directory: C:\Users\Dell_J\Documents\reviewSource\mistake\ReviewSessionsCode\src\test\resources\features\EtsySearch4 - Copy (10).feature" type="java.lang.IllegalArgumentException">java.lang.IllegalArgumentException: Not a file or directory: C:\Users\Dell_J\Documents\reviewSource\mistake\ReviewSessionsCode\src\test\resources\features\EtsySearch4 - Copy (10).feature
</error>
    <system-out><![CDATA[
&amp#27;[31mFailed scenarios:&amp#27;[0m
&amp#27;[31mC:/Users/Dell_J/Documents/reviewSource/mistake/ReviewSessionsCode/src/test/resources/features/EtsySearchin FireFox3.feature:3 &amp#27;[0m# Etsy search on FireFox

1 Scenarios (&amp#27;[31m1 failed&amp#27;[0m)
3 Steps (&amp#27;[31m1 failed&amp#27;[0m, &amp#27;[36m2 skipped&amp#27;[0m)
1m38.932s

org.openqa.selenium.WebDriverException: connection refused
Build info: version: '3.8.1', revision: '6e95a6684b', time: '2017-12-01T18:33:54.468Z'
System info: host: 'WIN-9EIMIS0E4A0', ip: '172.31.17.181', os.name: 'Windows Server 2012 R2', os.arch: 'amd64', os.version: '6.3', java.version: '1.8.0_172'
Driver info: driver.version: unknown
remote stacktrace: 
Command duration or timeout: 98.89 seconds
	at sun.reflect.NativeConstructorAccessorImpl.newInstance0(Native Method)
	at sun.reflect.NativeConstructorAccessorImpl.newInstance(NativeConstructorAccessorImpl.java:62)
	at sun.reflect.DelegatingConstructorAccessorImpl.newInstance(DelegatingConstructorAccessorImpl.java:45)
	at java.lang.reflect.Constructor.newInstance(Constructor.java:423)
	at org.openqa.selenium.remote.ErrorHandler.createThrowable(ErrorHandler.java:214)
	at org.openqa.selenium.remote.ErrorHandler.throwIfResponseFailed(ErrorHandler.java:166)
	at org.openqa.selenium.remote.JsonWireProtocolResponse.lambda$new$0(JsonWireProtocolResponse.java:53)
	at org.openqa.selenium.remote.JsonWireProtocolResponse.lambda$getResponseFunction$2(JsonWireProtocolResponse.java:91)
	at org.openqa.selenium.remote.ProtocolHandshake.lambda$createSession$0(ProtocolHandshake.java:123)
	at java.util.stream.ReferencePipeline$3$1.accept(ReferencePipeline.java:193)
	at java.util.Spliterators$ArraySpliterator.tryAdvance(Spliterators.java:958)
	at java.util.stream.ReferencePipeline.forEachWithCancel(ReferencePipeline.java:126)
	at java.util.stream.AbstractPipeline.copyIntoWithCancel(AbstractPipeline.java:498)
	at java.util.stream.AbstractPipeline.copyInto(AbstractPipeline.java:485)
	at java.util.stream.AbstractPipeline.wrapAndCopyInto(AbstractPipeline.java:471)
	at java.util.stream.FindOps$FindOp.evaluateSequential(FindOps.java:152)
	at java.util.stream.AbstractPipeline.evaluate(AbstractPipeline.java:234)
	at java.util.stream.ReferencePipeline.findFirst(ReferencePipeline.java:464)
	at org.openqa.selenium.remote.ProtocolHandshake.createSession(ProtocolHandshake.java:126)
	at org.openqa.selenium.remote.ProtocolHandshake.createSession(ProtocolHandshake.java:73)
	at org.openqa.selenium.remote.HttpCommandExecutor.execute(HttpCommandExecutor.java:136)
	at org.openqa.selenium.remote.RemoteWebDriver.execute(RemoteWebDriver.java:543)
	at org.openqa.selenium.remote.RemoteWebDriver.startSession(RemoteWebDriver.java:207)
	at org.openqa.selenium.remote.RemoteWebDriver.<init>(RemoteWebDriver.java:130)
	at org.openqa.selenium.remote.RemoteWebDriver.<init>(RemoteWebDriver.java:143)
	at stepdefs.EtsyStepsFirefox.user_in_on_Etsy_homepage(EtsyStepsFirefox.java:34)
	at ?.User in on Etsy homepage using firefox(C:/Users/Dell_J/Documents/reviewSource/mistake/ReviewSessionsCode/src/test/resources/features/EtsySearchin FireFox3.feature:4)
Caused by: org.openqa.selenium.WebDriverException: connection refused
Build info: version: '3.8.1', revision: '6e95a6684b', time: '2017-12-01T18:33:54.468Z'
System info: host: 'WIN-9EIMIS0E4A0', ip: '172.31.17.181', os.name: 'Windows Server 2012 R2', os.arch: 'amd64', os.version: '6.3', java.version: '1.8.0_172'
Driver info: driver.version: unknown
remote stacktrace: 
Build info: version: '3.12.0', revision: '7c6e0b3', time: '2018-05-08T14:04:26.12Z'
System info: host: 'DESKTOP-DKHP1QL', ip: '192.168.56.2', os.name: 'Windows 10', os.arch: 'amd64', os.version: '10.0', java.version: '1.8.0_172'
Driver info: driver.version: unknown
	at sun.reflect.NativeConstructorAccessorImpl.newInstance0(Native Method)
	at sun.reflect.NativeConstructorAccessorImpl.newInstance(Unknown Source)
	at sun.reflect.DelegatingConstructorAccessorImpl.newInstance(Unknown Source)
	at java.lang.reflect.Constructor.newInstance(Unknown Source)
	at org.openqa.selenium.remote.W3CHandshakeResponse.lambda$new$0(W3CHandshakeResponse.java:57)
	at org.openqa.selenium.remote.W3CHandshakeResponse.lambda$getResponseFunction$2(W3CHandshakeResponse.java:104)
	at org.openqa.selenium.remote.ProtocolHandshake.lambda$createSession$0(ProtocolHandshake.java:123)
	at java.util.stream.ReferencePipeline$3$1.accept(Unknown Source)
	at java.util.Spliterators$ArraySpliterator.tryAdvance(Unknown Source)
	at java.util.stream.ReferencePipeline.forEachWithCancel(Unknown Source)
	at java.util.stream.AbstractPipeline.copyIntoWithCancel(Unknown Source)
	at java.util.stream.AbstractPipeline.copyInto(Unknown Source)
	at java.util.stream.AbstractPipeline.wrapAndCopyInto(Unknown Source)
	at java.util.stream.FindOps$FindOp.evaluateSequential(Unknown Source)
	at java.util.stream.AbstractPipeline.evaluate(Unknown Source)
	at java.util.stream.ReferencePipeline.findFirst(Unknown Source)
	at org.openqa.selenium.remote.ProtocolHandshake.createSession(ProtocolHandshake.java:126)
	at org.openqa.selenium.remote.ProtocolHandshake.createSession(ProtocolHandshake.java:73)
	at org.openqa.selenium.remote.server.ServicedSession$Factory.apply(ServicedSession.java:232)
	at org.openqa.selenium.remote.server.ActiveSessionFactory.lambda$apply$11(ActiveSessionFactory.java:167)
	at java.util.stream.ReferencePipeline$3$1.accept(Unknown Source)
	at java.util.stream.ReferencePipeline$3$1.accept(Unknown Source)
	at java.util.stream.ReferencePipeline$11$1.accept(Unknown Source)
	at java.util.stream.ReferencePipeline$2$1.accept(Unknown Source)
	at java.util.Spliterators$ArraySpliterator.tryAdvance(Unknown Source)
	at java.util.stream.ReferencePipeline.forEachWithCancel(Unknown Source)
	at java.util.stream.AbstractPipeline.copyIntoWithCancel(Unknown Source)
	at java.util.stream.AbstractPipeline.copyInto(Unknown Source)
	at java.util.stream.AbstractPipeline.wrapAndCopyInto(Unknown Source)
	at java.util.stream.FindOps$FindOp.evaluateSequential(Unknown Source)
	at java.util.stream.AbstractPipeline.evaluate(Unknown Source)
	at java.util.stream.ReferencePipeline.findFirst(Unknown Source)
	at org.openqa.selenium.remote.server.ActiveSessionFactory.apply(ActiveSessionFactory.java:170)
	at org.openqa.selenium.remote.server.NewSessionPipeline.lambda$null$1(NewSessionPipeline.java:44)
	at java.util.stream.ReferencePipeline$3$1.accept(Unknown Source)
	at java.util.Collections$2.tryAdvance(Unknown Source)
	at java.util.stream.ReferencePipeline.forEachWithCancel(Unknown Source)
	at java.util.stream.AbstractPipeline.copyIntoWithCancel(Unknown Source)
	at java.util.stream.AbstractPipeline.copyInto(Unknown Source)
	at java.util.stream.AbstractPipeline.wrapAndCopyInto(Unknown Source)
	at java.util.stream.FindOps$FindOp.evaluateSequential(Unknown Source)
	at java.util.stream.AbstractPipeline.evaluate(Unknown Source)
	at java.util.stream.ReferencePipeline.findFirst(Unknown Source)
	at org.openqa.selenium.remote.server.NewSessionPipeline.lambda$createNewSession$2(NewSessionPipeline.java:47)
	at java.util.stream.ReferencePipeline$3$1.accept(Unknown Source)
	at java.util.stream.ReferencePipeline$3$1.accept(Unknown Source)
	at java.util.stream.ReferencePipeline$3$1.accept(Unknown Source)
	at java.util.stream.DistinctOps$1$2.accept(Unknown Source)
	at java.util.stream.ReferencePipeline$2$1.accept(Unknown Source)
	at java.util.stream.ReferencePipeline$3$1.accept(Unknown Source)
	at java.util.stream.ReferencePipeline$2$1.accept(Unknown Source)
	at java.util.stream.Streams$StreamBuilderImpl.tryAdvance(Unknown Source)
	at java.util.stream.Streams$ConcatSpliterator.tryAdvance(Unknown Source)
	at java.util.stream.ReferencePipeline.forEachWithCancel(Unknown Source)
	at java.util.stream.AbstractPipeline.copyIntoWithCancel(Unknown Source)
	at java.util.stream.AbstractPipeline.copyInto(Unknown Source)
	at java.util.stream.AbstractPipeline.wrapAndCopyInto(Unknown Source)
	at java.util.stream.FindOps$FindOp.evaluateSequential(Unknown Source)
	at java.util.stream.AbstractPipeline.evaluate(Unknown Source)
	at java.util.stream.ReferencePipeline.findFirst(Unknown Source)
	at org.openqa.selenium.remote.server.NewSessionPipeline.createNewSession(NewSessionPipeline.java:50)
	at org.openqa.selenium.remote.server.commandhandler.BeginSession.execute(BeginSession.java:77)
	at org.openqa.selenium.remote.server.WebDriverServlet.lambda$handle$0(WebDriverServlet.java:240)
	at java.util.concurrent.Executors$RunnableAdapter.call(Unknown Source)
	at java.util.concurrent.FutureTask.run(Unknown Source)
	at java.util.concurrent.ThreadPoolExecutor.runWorker(Unknown Source)
	at java.util.concurrent.ThreadPoolExecutor$Worker.run(Unknown Source)
	at java.lang.Thread.run(Unknown Source)

]]></system-out>
  </testcase>
</testsuite>