<?xml version="1.0" encoding="UTF-8"?>
<testsuite xmlns:xsi="http://www.w3.org/2001/XMLSchema-instance" xsi:noNamespaceSchemaLocation="https://maven.apache.org/surefire/maven-failsafe-plugin/xsd/failsafe-test-report.xsd" name="Parallel33IT" time="0.016" tests="1" errors="1" skipped="0" failures="0">
  <properties>
[...]
</properties>
  <testcase name="initializationError" classname="Parallel33IT" time="0">
    <error message="Not a file or directory: C:\Users\Dell_J\Documents\reviewSource\mistake\ReviewSessionsCode\src\test\resources\features\EtsySearch2 - Copy (20).feature" type="java.lang.IllegalArgumentException">java.lang.IllegalArgumentException: Not a file or directory: C:\Users\Dell_J\Documents\reviewSource\mistake\ReviewSessionsCode\src\test\resources\features\EtsySearch2 - Copy (20).feature
</error>
  </testcase>
</testsuite>